  class-work-solution-Feb 1.cpp
C:\Users\Tarek\source\C++\class-work-solution-Feb 1\class-work-solution-Feb 1\Sentence.h(16,1): warning C4267: 'initializing': conversion from 'size_t' to 'int', possible loss of data
C:\Users\Tarek\source\C++\class-work-solution-Feb 1\class-work-solution-Feb 1\Sentence.h(25,1): warning C4267: 'initializing': conversion from 'size_t' to 'int', possible loss of data
C:\Users\Tarek\source\C++\class-work-solution-Feb 1\class-work-solution-Feb 1\Sentence.h(34,1): warning C4267: 'initializing': conversion from 'size_t' to 'int', possible loss of data
C:\Users\Tarek\source\C++\class-work-solution-Feb 1\class-work-solution-Feb 1\Sentence.h(39,1): warning C4267: '=': conversion from 'size_t' to 'int', possible loss of data
C:\Users\Tarek\source\C++\class-work-solution-Feb 1\class-work-solution-Feb 1\Sentence.h(46,1): warning C4267: 'initializing': conversion from 'size_t' to 'int', possible loss of data
C:\Users\Tarek\source\C++\class-work-solution-Feb 1\class-work-solution-Feb 1\Sentence.h(47,1): warning C4267: 'initializing': conversion from 'size_t' to 'int', possible loss of data
  Sentence.cpp
C:\Users\Tarek\source\C++\class-work-solution-Feb 1\class-work-solution-Feb 1\Sentence.h(16,1): warning C4267: 'initializing': conversion from 'size_t' to 'int', possible loss of data
C:\Users\Tarek\source\C++\class-work-solution-Feb 1\class-work-solution-Feb 1\Sentence.h(25,1): warning C4267: 'initializing': conversion from 'size_t' to 'int', possible loss of data
C:\Users\Tarek\source\C++\class-work-solution-Feb 1\class-work-solution-Feb 1\Sentence.h(34,1): warning C4267: 'initializing': conversion from 'size_t' to 'int', possible loss of data
C:\Users\Tarek\source\C++\class-work-solution-Feb 1\class-work-solution-Feb 1\Sentence.h(39,1): warning C4267: '=': conversion from 'size_t' to 'int', possible loss of data
C:\Users\Tarek\source\C++\class-work-solution-Feb 1\class-work-solution-Feb 1\Sentence.h(46,1): warning C4267: 'initializing': conversion from 'size_t' to 'int', possible loss of data
C:\Users\Tarek\source\C++\class-work-solution-Feb 1\class-work-solution-Feb 1\Sentence.h(47,1): warning C4267: 'initializing': conversion from 'size_t' to 'int', possible loss of data
  TextFile.cpp
C:\Users\Tarek\source\C++\class-work-solution-Feb 1\class-work-solution-Feb 1\Sentence.h(16,1): warning C4267: 'initializing': conversion from 'size_t' to 'int', possible loss of data
C:\Users\Tarek\source\C++\class-work-solution-Feb 1\class-work-solution-Feb 1\Sentence.h(25,1): warning C4267: 'initializing': conversion from 'size_t' to 'int', possible loss of data
C:\Users\Tarek\source\C++\class-work-solution-Feb 1\class-work-solution-Feb 1\Sentence.h(34,1): warning C4267: 'initializing': conversion from 'size_t' to 'int', possible loss of data
C:\Users\Tarek\source\C++\class-work-solution-Feb 1\class-work-solution-Feb 1\Sentence.h(39,1): warning C4267: '=': conversion from 'size_t' to 'int', possible loss of data
C:\Users\Tarek\source\C++\class-work-solution-Feb 1\class-work-solution-Feb 1\Sentence.h(46,1): warning C4267: 'initializing': conversion from 'size_t' to 'int', possible loss of data
C:\Users\Tarek\source\C++\class-work-solution-Feb 1\class-work-solution-Feb 1\Sentence.h(47,1): warning C4267: 'initializing': conversion from 'size_t' to 'int', possible loss of data
  Generating Code...
  class-work-solution-Feb 1.vcxproj -> C:\Users\Tarek\source\C++\class-work-solution-Feb 1\x64\Debug\class-work-solution-Feb 1.exe
